The user defined environment variable FERMATPATH for Fermat is set:
/home/tom/Uni/Semester_X/master/programs/fermat/ferl6/ferl6/fer64
One variable is set to 1: {}
The input directory is set to:
./results

*****Integral ordering*************************************
Kira will use the integral ordering: 1.
Mass reconstruction is enabled.
symbol_to_replace_by_one: x in kinematics.yaml is not set. 
Mass reconstruction is disabled.
################################################
kira2math: Reconstruct results for Eikonal
################################################

Number of all integrals: 31
Algebraic reconstruction is switched off.
This requested integral is a master integral: Eikonal[1,0,1,0,0] # 5
This requested integral is a master integral: Eikonal[1,1,1,1,0] # 15
This requested integral is a master integral: Eikonal[1,1,1,0,1] # 23
This requested integral is a master integral: Eikonal[0,1,0,1,1] # 26
This requested integral is a master integral: Eikonal[1,1,0,1,1] # 27
This requested integral is a master integral: Eikonal[1,0,1,1,1] # 29
This requested integral is a master integral: Eikonal[0,1,1,1,1] # 30
This requested integral is a master integral: Eikonal[1,1,1,1,1] # 31
unreduced integrals: 0.

closeCalc: 10899
Total time:
( 0.151546 s )
