*--#[ d1 :

*	internal fields: quark quark 
*
*	detailed description:
*
*	0: 0 -> 7, p1234
*	1: 1 -> 7, -p1
*	2: 5 -> 7, qbar -> q, -p1234+p1
*	3: 2 -> 6, -p2
*	4: 3 -> 6, -p3
*	5: 5 -> 6, q -> qbar, p3+p2
*	6: 4 -> 5, -p4

#define nl "0"

g d1 =

	+1*(+i_)
	*EikV(p1234-p1, v5l6)
	*(cOlT(cOli2,cOli5,cOli6))
	*EikV(p3+p2, v6l4)
	*(cOlT(cOli5,cOli3,cOli4))
	*(M(cOli1,cOli2))
	*1
	*V(p1,cOli1)
	*DS(-p1234+p1, 0)
	*V(p2,cOli3)
	*EpsStar(v6l4,p3,cOli4)
	*DS(p3+p2, 0)
	*EpsStar(v5l6,p4,cOli6)

;

*--#] d1 :

*--#[ d2 :

*	internal fields: quark quark 
*
*	detailed description:
*
*	0: 0 -> 7, p1234
*	1: 1 -> 7, -p1
*	2: 5 -> 7, qbar -> q, -p1234+p1
*	3: 2 -> 6, -p2
*	4: 3 -> 6, -p4
*	5: 5 -> 6, q -> qbar, p4+p2
*	6: 4 -> 5, -p3

#define nl "0"

g d2 =

	+1*(+i_)
	*EikV(p1234-p1, v5l6)
	*(cOlT(cOli2,cOli5,cOli6))
	*EikV(p4+p2, v6l4)
	*(cOlT(cOli5,cOli3,cOli4))
	*(M(cOli1,cOli2))
	*1
	*V(p1,cOli1)
	*DS(-p1234+p1, 0)
	*V(p2,cOli3)
	*EpsStar(v6l4,p4,cOli4)
	*DS(p4+p2, 0)
	*EpsStar(v5l6,p3,cOli6)

;

*--#] d2 :

*--#[ d3 :

*	internal fields: quark g 
*
*	detailed description:
*
*	0: 0 -> 7, p1234
*	1: 1 -> 7, -p1
*	2: 5 -> 7, qbar -> q, -p1234+p1
*	3: 2 -> 6, -p3
*	4: 3 -> 6, -p4
*	5: 5 -> 6, g -> g, p4+p3
*	6: 4 -> 5, -p2

#define nl "0"

g d3 =

	+6*(+i_)
	*EikV(p1234-p1, v5l5)
	*(cOlT(cOli2,cOli6,cOli5))
	*VVV(-p3, v6l3, -p4, v6l4, p4+p3, v6l5)
	*(-1/6*i_*cOlf(cOli3,cOli4,cOli5))
	*(M(cOli1,cOli2))
	*1
	*V(p1,cOli1)
	*DS(-p1234+p1, 0)
	*EpsStar(v6l3,p3,cOli3)
	*EpsStar(v6l4,p4,cOli4)
	*DV(v5l5, v6l5, p4+p3, 0)
	*V(p2,cOli6)

;

*--#] d3 :

*--#[ d4 :

*	internal fields: quark quark 
*
*	detailed description:
*
*	0: 0 -> 7, p1234
*	1: 1 -> 7, -p2
*	2: 5 -> 7, q -> qbar, -p1234+p2
*	3: 2 -> 6, -p1
*	4: 3 -> 6, -p3
*	5: 5 -> 6, qbar -> q, p3+p1
*	6: 4 -> 5, -p4

#define nl "0"

g d4 =

	+1*(+i_)
	*EikV(-p3-p1, v5l6)
	*(cOlT(cOli5,cOli2,cOli6))
	*EikV(-p1, v6l4)
	*(cOlT(cOli3,cOli5,cOli4))
	*(M(cOli2,cOli1))
	*1
	*V(p2,cOli1)
	*DS(-p1234+p2, 0)
	*V(p1,cOli3)
	*EpsStar(v6l4,p3,cOli4)
	*DS(p3+p1, 0)
	*EpsStar(v5l6,p4,cOli6)

;

*--#] d4 :

*--#[ d5 :

*	internal fields: quark quark 
*
*	detailed description:
*
*	0: 0 -> 7, p1234
*	1: 1 -> 7, -p2
*	2: 5 -> 7, q -> qbar, -p1234+p2
*	3: 2 -> 6, -p1
*	4: 3 -> 6, -p4
*	5: 5 -> 6, qbar -> q, p4+p1
*	6: 4 -> 5, -p3

#define nl "0"

g d5 =

	+1*(+i_)
	*EikV(-p4-p1, v5l6)
	*(cOlT(cOli5,cOli2,cOli6))
	*EikV(-p1, v6l4)
	*(cOlT(cOli3,cOli5,cOli4))
	*(M(cOli2,cOli1))
	*1
	*V(p2,cOli1)
	*DS(-p1234+p2, 0)
	*V(p1,cOli3)
	*EpsStar(v6l4,p4,cOli4)
	*DS(p4+p1, 0)
	*EpsStar(v5l6,p3,cOli6)

;

*--#] d5 :

*--#[ d6 :

*	internal fields: quark g 
*
*	detailed description:
*
*	0: 0 -> 7, p1234
*	1: 1 -> 7, -p2
*	2: 5 -> 7, q -> qbar, -p1234+p2
*	3: 2 -> 6, -p3
*	4: 3 -> 6, -p4
*	5: 5 -> 6, g -> g, p4+p3
*	6: 4 -> 5, -p1

#define nl "0"

g d6 =

	+6*(+i_)
	*EikV(-p1, v5l5)
	*(cOlT(cOli6,cOli2,cOli5))
	*VVV(-p3, v6l3, -p4, v6l4, p4+p3, v6l5)
	*(-1/6*i_*cOlf(cOli3,cOli4,cOli5))
	*(M(cOli2,cOli1))
	*1
	*V(p2,cOli1)
	*DS(-p1234+p2, 0)
	*EpsStar(v6l3,p3,cOli3)
	*EpsStar(v6l4,p4,cOli4)
	*DV(v5l5, v6l5, p4+p3, 0)
	*V(p1,cOli6)

;

*--#] d6 :

*--#[ d7 :

*	internal fields: quark quark 
*
*	detailed description:
*
*	0: 0 -> 7, -p1
*	1: 1 -> 7, -p3
*	2: 5 -> 7, qbar -> q, p1+p3
*	3: 2 -> 6, -p2
*	4: 3 -> 6, -p4
*	5: 5 -> 6, q -> qbar, p4+p2
*	6: 4 -> 5, p1234

#define nl "0"

g d7 =

	+1*(+i_)
	*(M(cOli2,cOli5))
	*EikV(p4+p2, v6l4)
	*(cOlT(cOli5,cOli3,cOli4))
	*EikV(-p1, v7l1)
	*(cOlT(cOli0,cOli2,cOli1))
	*V(p1,cOli0)
	*EpsStar(v7l1,p3,cOli1)
	*DS(p1+p3, 0)
	*V(p2,cOli3)
	*EpsStar(v6l4,p4,cOli4)
	*DS(p4+p2, 0)
	*1

;

*--#] d7 :

*--#[ d8 :

*	internal fields: quark quark 
*
*	detailed description:
*
*	0: 0 -> 7, -p1
*	1: 1 -> 7, -p4
*	2: 5 -> 7, qbar -> q, p1+p4
*	3: 2 -> 6, -p2
*	4: 3 -> 6, -p3
*	5: 5 -> 6, q -> qbar, p3+p2
*	6: 4 -> 5, p1234

#define nl "0"

g d8 =

	+1*(+i_)
	*(M(cOli2,cOli5))
	*EikV(p3+p2, v6l4)
	*(cOlT(cOli5,cOli3,cOli4))
	*EikV(-p1, v7l1)
	*(cOlT(cOli0,cOli2,cOli1))
	*V(p1,cOli0)
	*EpsStar(v7l1,p4,cOli1)
	*DS(p1+p4, 0)
	*V(p2,cOli3)
	*EpsStar(v6l4,p3,cOli4)
	*DS(p3+p2, 0)
	*1

;

*--#] d8 :

#define ndiags "8"
